0 verbose cli C:\Program Files (x86)\nodejs\node.exe C:\Program Files (x86)\nodejs\node_modules\npm\bin\npm-cli.js
1 info using npm@8.11.0
2 info using node@v16.15.1
3 timing npm:load:whichnode Completed in 0ms
4 timing config:load:defaults Completed in 2ms
5 timing config:load:file:C:\Program Files (x86)\nodejs\node_modules\npm\npmrc Completed in 4ms
6 timing config:load:builtin Completed in 5ms
7 timing config:load:cli Completed in 3ms
8 timing config:load:env Completed in 1ms
9 timing config:load:file:d:\curs\curs-react-projects\films\.npmrc Completed in 0ms
10 timing config:load:project Completed in 2ms
11 timing config:load:file:C:\Users\Vadim\.npmrc Completed in 1ms
12 timing config:load:user Completed in 2ms
13 timing config:load:file:D:\curs\curs-react-projects\films\etc\npmrc Completed in 1ms
14 timing config:load:global Completed in 1ms
15 timing config:load:validate Completed in 0ms
16 timing config:load:credentials Completed in 1ms
17 timing config:load:setEnvs Completed in 1ms
18 timing config:load Completed in 19ms
19 timing npm:load:configload Completed in 19ms
20 timing npm:load:mkdirpcache Completed in 2ms
21 timing npm:load:mkdirplogs Completed in 0ms
22 verbose title npm view react-scripts description dist-tags.latest homepage version
23 verbose argv "view" "--json" "react-scripts" "description" "dist-tags.latest" "homepage" "version"
24 timing npm:load:setTitle Completed in 3ms
25 timing config:load:flatten Completed in 5ms
26 timing npm:load:display Completed in 6ms
27 verbose logfile logs-max:10 dir:D:\curs\curs-react-projects\films\_logs
28 verbose logfile D:\curs\curs-react-projects\films\_logs\2022-07-02T20_15_29_315Z-debug-0.log
29 timing npm:load:logFile Completed in 9ms
30 timing npm:load:timers Completed in 0ms
31 timing npm:load:configScope Completed in 0ms
32 timing npm:load Completed in 40ms
33 silly logfile start cleaning logs, removing 5 files
34 silly logfile done cleaning log files
35 http fetch GET 200 https://registry.npmjs.org/react-scripts 470ms (cache miss)
36 timing command:view Completed in 502ms
37 verbose exit 0
38 timing npm Completed in 578ms
39 info ok
